0 info it worked if it ends with ok
1 verbose cli [ '/home/pdarde/.nvm/versions/node/v6.2.1/bin/node',
1 verbose cli   '/home/pdarde/.nvm/versions/node/v6.2.1/bin/npm',
1 verbose cli   'run',
1 verbose cli   'watch' ]
2 info using npm@3.9.3
3 info using node@v6.2.1
4 verbose run-script [ 'prewatch', 'watch', 'postwatch' ]
5 info lifecycle integration-commons@0.8.0~prewatch: integration-commons@0.8.0
6 silly lifecycle integration-commons@0.8.0~prewatch: no script for prewatch, continuing
7 info lifecycle integration-commons@0.8.0~watch: integration-commons@0.8.0
8 verbose lifecycle integration-commons@0.8.0~watch: unsafe-perm in lifecycle true
9 verbose lifecycle integration-commons@0.8.0~watch: PATH: /home/pdarde/.nvm/versions/node/v6.2.1/lib/node_modules/npm/bin/node-gyp-bin:/home/pdarde/symphony/app/App-Integrations-Commons/integration-fe/node_modules/.bin:/home/pdarde/.nvm/versions/node/v6.2.1/bin:/home/pdarde/.rbenv/plugins/ruby-build/bin:/home/pdarde/.rbenv/shims:/home/pdarde/.rbenv/bin:/home/pdarde/.nvm/versions/node/v6.2.1/bin:/home/pdarde/.rbenv/plugins/ruby-build/bin:/home/pdarde/.rbenv/shims:/home/pdarde/.rbenv/bin:/usr/local/sbin:/usr/local/bin:/usr/sbin:/usr/bin:/sbin:/bin:/usr/games:/usr/local/games:/usr/lib/jvm/java-8-oracle/bin:/usr/lib/jvm/java-8-oracle/db/bin:/usr/lib/jvm/java-8-oracle/jre/bin:/usr/lib/jvm/java-8-oracle/bin:/usr/lib/jvm/java-8-oracle/db/bin:/usr/lib/jvm/java-8-oracle/jre/bin:/home/pdarde/apache-maven-3.2.5/bin:/home/pdarde/apache-maven-3.2.5/bin
10 verbose lifecycle integration-commons@0.8.0~watch: CWD: /home/pdarde/symphony/app/App-Integrations-Commons/integration-fe
11 silly lifecycle integration-commons@0.8.0~watch: Args: [ '-c',
11 silly lifecycle   'webpack-dev-server --progress --colors --hot --inline --https' ]
12 silly lifecycle integration-commons@0.8.0~watch: Returned: code: 134  signal: null
13 info lifecycle integration-commons@0.8.0~watch: Failed to exec watch script
14 verbose stack Error: integration-commons@0.8.0 watch: `webpack-dev-server --progress --colors --hot --inline --https`
14 verbose stack Exit status 134
14 verbose stack     at EventEmitter.<anonymous> (/home/pdarde/.nvm/versions/node/v6.2.1/lib/node_modules/npm/lib/utils/lifecycle.js:245:16)
14 verbose stack     at emitTwo (events.js:106:13)
14 verbose stack     at EventEmitter.emit (events.js:191:7)
14 verbose stack     at ChildProcess.<anonymous> (/home/pdarde/.nvm/versions/node/v6.2.1/lib/node_modules/npm/lib/utils/spawn.js:24:14)
14 verbose stack     at emitTwo (events.js:106:13)
14 verbose stack     at ChildProcess.emit (events.js:191:7)
14 verbose stack     at maybeClose (internal/child_process.js:852:16)
14 verbose stack     at Process.ChildProcess._handle.onexit (internal/child_process.js:215:5)
15 verbose pkgid integration-commons@0.8.0
16 verbose cwd /home/pdarde/symphony/app/App-Integrations-Commons/integration-fe
17 error Linux 3.16.0-77-generic
18 error argv "/home/pdarde/.nvm/versions/node/v6.2.1/bin/node" "/home/pdarde/.nvm/versions/node/v6.2.1/bin/npm" "run" "watch"
19 error node v6.2.1
20 error npm  v3.9.3
21 error code ELIFECYCLE
22 error integration-commons@0.8.0 watch: `webpack-dev-server --progress --colors --hot --inline --https`
22 error Exit status 134
23 error Failed at the integration-commons@0.8.0 watch script 'webpack-dev-server --progress --colors --hot --inline --https'.
23 error Make sure you have the latest version of node.js and npm installed.
23 error If you do, this is most likely a problem with the integration-commons package,
23 error not with npm itself.
23 error Tell the author that this fails on your system:
23 error     webpack-dev-server --progress --colors --hot --inline --https
23 error You can get information on how to open an issue for this project with:
23 error     npm bugs integration-commons
23 error Or if that isn't available, you can get their info via:
23 error     npm owner ls integration-commons
23 error There is likely additional logging output above.
24 verbose exit [ 1, true ]
